Arguments: 
  /usr/local/Cellar/node/15.11.0/bin/node /usr/local/bin/yarn publish

PATH: 
  /Users/christian/.dotfiles/bin:/Users/christian/.gloo/bin:/usr/local/bin:/usr/bin:/bin:/usr/sbin:/sbin:/Users/christian/.dotfiles/bin:/Users/christian/.gloo/bin:/Users/christian/development/flutter/bin:/Users/christian/development/flutter/bin

Yarn version: 
  1.22.10

Node version: 
  15.11.0

Platform: 
  darwin x64

Trace: 
  Error: canceled
      at Interface.<anonymous> (/usr/local/lib/node_modules/yarn/lib/cli.js:136216:13)
      at Interface.emit (node:events:378:20)
      at Interface._ttyWrite (node:readline:973:16)
      at ReadStream.onkeypress (node:readline:259:10)
      at ReadStream.emit (node:events:378:20)
      at emitKeys (node:internal/readline/utils:358:14)
      at emitKeys.next (<anonymous>)
      at ReadStream.onData (node:readline:1242:36)
      at ReadStream.emit (node:events:378:20)
      at addChunk (node:internal/streams/readable:313:12)

npm manifest: 
  {
    "name": "nats-started",
    "version": "1.0.0",
    "description": "",
    "main": "index.js",
    "scripts": {
      "publish": "node publish.js",
      "listen": "node listen.js"
    },
    "keywords": [],
    "author": "",
    "license": "ISC",
    "dependencies": {
      "node-nats-streaming": "^0.3.2"
    }
  }

yarn manifest: 
  No manifest

Lockfile: 
  # THIS IS AN AUTOGENERATED FILE. DO NOT EDIT THIS FILE DIRECTLY.
  # yarn lockfile v1
  
  
  google-protobuf@^3.11.2:
    version "3.13.0"
    resolved "https://registry.yarnpkg.com/google-protobuf/-/google-protobuf-3.13.0.tgz#909c5983d75dd6101ed57c79e0528d000cdc3251"
    integrity sha512-ZIf3qfLFayVrPvAjeKKxO5FRF1/NwRxt6Dko+fWEMuHwHbZx8/fcaAao9b0wCM6kr8qeg2te8XTpyuvKuD9aKw==
  
  nats@^1.4.9:
    version "1.4.12"
    resolved "https://registry.yarnpkg.com/nats/-/nats-1.4.12.tgz#11a988d5041d95dfb1b6ac1e37c0cfb57b171579"
    integrity sha512-Jf4qesEF0Ay0D4AMw3OZnKMRTQm+6oZ5q8/m4gpy5bTmiDiK6wCXbZpzEslmezGpE93LV3RojNEG6dpK/mysLQ==
    dependencies:
      nuid "^1.1.4"
      ts-nkeys "^1.0.16"
  
  node-nats-streaming@^0.3.2:
    version "0.3.2"
    resolved "https://registry.yarnpkg.com/node-nats-streaming/-/node-nats-streaming-0.3.2.tgz#a6d1b77eae837495856893f573e3d78184b39833"
    integrity sha512-exeT+FwGYW3UbBSzu8a7ykwWoY6R/vjQLr1RoZ1gnoJ9F66WVvpMZQWCZzLxlf9XRpJTTygcp6P1+WRw9h07Sg==
    dependencies:
      google-protobuf "^3.11.2"
      nats "^1.4.9"
      nuid "^1.1.4"
  
  nuid@^1.1.4:
    version "1.1.4"
    resolved "https://registry.yarnpkg.com/nuid/-/nuid-1.1.4.tgz#6145710b6cc9ef0df7b94af09c6d750925939097"
    integrity sha512-PXiYyHhGfrq8H4g5HyC8enO1lz6SBe5z6x1yx/JG4tmADzDGJVQy3l1sRf3VtEvPsN8dGn9hRFRwDKWL62x0BA==
  
  ts-nkeys@^1.0.16:
    version "1.0.16"
    resolved "https://registry.yarnpkg.com/ts-nkeys/-/ts-nkeys-1.0.16.tgz#b0c6e7c4f16f976c7e7ddb6982fc789a2f971248"
    integrity sha512-1qrhAlavbm36wtW+7NtKOgxpzl+70NTF8xlz9mEhiA5zHMlMxjj3sEVKWm3pGZhHXE0Q3ykjrj+OSRVaYw+Dqg==
    dependencies:
      tweetnacl "^1.0.3"
  
  tweetnacl@^1.0.3:
    version "1.0.3"
    resolved "https://registry.yarnpkg.com/tweetnacl/-/tweetnacl-1.0.3.tgz#ac0af71680458d8a6378d0d0d050ab1407d35596"
    integrity sha512-6rt+RN7aOi1nGMyC4Xa5DdYiukl2UWCbcJft7YhxReBGQD7OAM8Pbxw6YMo4r2diNEA8FEmu32YOn9rhaiE5yw==
